Build started 03.10.2012 22:00:33.
     1>Project "C:\Users\Nikolenko\Desktop\edb-debugger\src\edb.vcxproj" on node 2 (build target(s)).
     1>C:\Program Files (x86)\MSBuild\Microsoft.Cpp\v4.0\Microsoft.CppBuild.targets(298,5): warning MSB8004: Intermediate Directory does not end with a trailing slash.  This build instance will add the slash as it is required to allow proper evaluation of the Intermediate Directory.
     1>InitializeBuildStatus:
         Touching "Win32\Debug\edb.unsuccessfulbuild".
       CustomBuild:
         Moc'ing BinaryString.h...
         Системе не удается найти указанный путь.
         Moc'ing DebuggerMain.h...
         Системе не удается найти указанный путь.
         Moc'ing DebuggerUI.h...
         Системе не удается найти указанный путь.
         Moc'ing DialogArguments.h...
         Системе не удается найти указанный путь.
         Moc'ing DialogAttach.h...
         Системе не удается найти указанный путь.
         Moc'ing DialogInputBinaryString.h...
         Системе не удается найти указанный путь.
         Moc'ing DialogInputValue.h...
         Системе не удается найти указанный путь.
         Moc'ing DialogMemoryRegions.h...
         Системе не удается найти указанный путь.
         Moc'ing DialogOptions.h...
         Системе не удается найти указанный путь.
         Moc'ing DialogPlugins.h...
         Системе не удается найти указанный путь.
         Moc'ing DialogThreads.h...
         Системе не удается найти указанный путь.
         Moc'ing LineEdit.h...
         Системе не удается найти указанный путь.
         Moc'ing MemoryRegions.h...
         Системе не удается найти указанный путь.
         Moc'ing QCategoryList.h...
         Системе не удается найти указанный путь.
         Moc'ing QDisassemblyView.h...
         Системе не удается найти указанный путь.
         Moc'ing RecentFileManager.h...
         Системе не удается найти указанный путь.
         Moc'ing RegionBuffer.h...
         Системе не удается найти указанный путь.
         Moc'ing SyntaxHighlighter.h...
         Системе не удается найти указанный путь.
         Moc'ing TabWidget.h...
         Системе не удается найти указанный путь.
         Moc'ing parserrunnable.h...
         Системе не удается найти указанный путь.
         Moc'ing qhexview.h...
         Системе не удается найти указанный путь.
         Moc'ing serializerrunnable.h...
         Системе не удается найти указанный путь.
         Uic'ing binarystring.ui...
         Системе не удается найти указанный путь.
         Uic'ing debuggerui.ui...
         Системе не удается найти указанный путь.
         Uic'ing dialog_arguments.ui...
         Системе не удается найти указанный путь.
         Uic'ing dialog_attach.ui...
         Системе не удается найти указанный путь.
         Uic'ing dialog_inputbinarystring.ui...
         Системе не удается найти указанный путь.
         Uic'ing dialog_inputvalue.ui...
         Системе не удается найти указанный путь.
         Uic'ing dialog_memoryregions.ui...
         Системе не удается найти указанный путь.
         Uic'ing dialog_options.ui...
         Системе не удается найти указанный путь.
         Uic'ing dialog_plugins.ui...
         Системе не удается найти указанный путь.
         Uic'ing dialog_threads.ui...
         Системе не удается найти указанный путь.
         Rcc'ing debugger.qrc...
         Системе не удается найти указанный путь.
     1>C:\Program Files (x86)\MSBuild\Microsoft.Cpp\v4.0\Microsoft.CppCommon.targets(151,5): error MSB6006: "cmd.exe" exited with code 3.
     1>Done Building Project "C:\Users\Nikolenko\Desktop\edb-debugger\src\edb.vcxproj" (build target(s)) -- FAILED.

Build FAILED.

Time Elapsed 00:00:00.51
